[01m[Kc++:[m[K [01;31m[Kfatal error: [m[KKilled signal terminated program cc1plus
compilation terminated.
make[2]: *** [CMakeFiles/rog_map.dir/build.make:141: CMakeFiles/rog_map.dir/src/rog_map/sliding_map.cpp.o] Error 1
make[2]: *** Waiting for unfinished jobs....
[01m[Kc++:[m[K [01;31m[Kfatal error: [m[KKilled signal terminated program cc1plus
compilation terminated.
make[2]: *** [CMakeFiles/rog_map.dir/build.make:76: CMakeFiles/rog_map.dir/src/rog_map/counter_map.cpp.o] Error 1
[01m[K/workspace/src/rog_map/src/rog_map/rog_map.cpp:[m[K In member function â€˜[01m[Kvoid rog_map::ROGMap::init()[m[Kâ€™:
[01m[K/workspace/src/rog_map/src/rog_map/rog_map.cpp:53:23:[m[K [01;35m[Kwarning: [m[Kcomparison of integer expressions of different signedness: â€˜[01m[Kint[m[Kâ€™ and â€˜[01m[Kstd::vector<std::__cxx11::basic_string<char> >::size_type[m[Kâ€™ {aka â€˜[01m[Klong unsigned int[m[Kâ€™} [[01;35m[K-Wsign-compare[m[K]
   53 |     for (int i = 0; [01;35m[Ki < time_consuming_name_.size()[m[K; i++) {
      |                     [01;35m[K~~^~~~~~~~~~~~~~~~~~~~~~~~~~~~~[m[K
[01m[K/workspace/src/rog_map/src/rog_map/rog_map.cpp:55:15:[m[K [01;35m[Kwarning: [m[Kcomparison of integer expressions of different signedness: â€˜[01m[Kint[m[Kâ€™ and â€˜[01m[Kstd::vector<std::__cxx11::basic_string<char> >::size_type[m[Kâ€™ {aka â€˜[01m[Klong unsigned int[m[Kâ€™} [[01;35m[K-Wsign-compare[m[K]
   55 |         if ([01;35m[Ki != time_consuming_name_.size() - 1[m[K) {
      |             [01;35m[K~~^~~~~~~~~~~~~~~~~~~~~~~~~~~~~~~~~~[m[K
[01m[Kc++:[m[K [01;31m[Kfatal error: [m[KKilled signal terminated program cc1plus
compilation terminated.
make[2]: *** [CMakeFiles/rog_map.dir/build.make:115: CMakeFiles/rog_map.dir/src/rog_map/prob_map.cpp.o] Error 1
In file included from [01m[K/workspace/src/rog_map/include/rog_map/rog_map_core/raycaster.h:30[m[K,
                 from [01m[K/workspace/src/rog_map/include/rog_map/rog_map_core/raycaster.cpp:24[m[K:
[01m[K/workspace/src/rog_map/include/rog_map/rog_map_core/common_lib.hpp:120:17:[m[K [01;35m[Kwarning: [m[Kâ€˜[01m[Kbool rog_map::lineIntersectBox(super_utils::Vec3f, super_utils::Vec3f, super_utils::Vec3f, super_utils::Vec3f, super_utils::Vec3f&)[m[Kâ€™ defined but not used [[01;35m[K-Wunused-function[m[K]
  120 |     static bool [01;35m[KlineIntersectBox[m[K(super_utils::Vec3f L1, super_utils::Vec3f L2, super_utils::Vec3f B1,
      |                 [01;35m[K^~~~~~~~~~~~~~~~[m[K
[01m[K/workspace/src/rog_map/include/rog_map/rog_map_core/common_lib.hpp:76:31:[m[K [01;35m[Kwarning: [m[Kâ€˜[01m[Ksuper_utils::Vec3f rog_map::lineBoxIntersectPoint(const Vec3f&, const Vec3f&, const Vec3f&, const Vec3f&)[m[Kâ€™ defined but not used [[01;35m[K-Wunused-function[m[K]
   76 |     static super_utils::Vec3f [01;35m[KlineBoxIntersectPoint[m[K(const super_utils::Vec3f& pt, const super_utils::Vec3f& pos,
      |                               [01;35m[K^~~~~~~~~~~~~~~~~~~~~[m[K
[01m[K/workspace/src/rog_map/include/rog_map/rog_map_core/common_lib.hpp:65:19:[m[K [01;35m[Kwarning: [m[Kâ€˜[01m[Kdouble rog_map::computePathLength(super_utils::vec_E<Eigen::Matrix<double, 3, 1> >&)[m[Kâ€™ defined but not used [[01;35m[K-Wunused-function[m[K]
   65 |     static double [01;35m[KcomputePathLength[m[K(const super_utils::vec_E<super_utils::Vec3f>& path) {
      |                   [01;35m[K^~~~~~~~~~~~~~~~~[m[K
[01m[Kcc1plus:[m[K [01;35m[Kwarning: [m[Kunrecognized command line option â€˜[01m[K-Wno-dev[m[Kâ€™
[01m[Kcc1plus:[m[K [01;35m[Kwarning: [m[Kunrecognized command line option â€˜[01m[K-Wno-enum-constexpr-conversion[m[Kâ€™
At global scope:
[01m[Kcc1plus:[m[K [01;35m[Kwarning: [m[Kunrecognized command line option â€˜[01m[K-Wno-dev[m[Kâ€™
[01m[Kcc1plus:[m[K [01;35m[Kwarning: [m[Kunrecognized command line option â€˜[01m[K-Wno-enum-constexpr-conversion[m[Kâ€™
make[1]: *** [CMakeFiles/Makefile2:228: CMakeFiles/rog_map.dir/all] Error 2
make: *** [Makefile:141: all] Error 2
